\BOOKMARK [1][-]{section*.1}{\376\377\000A\000b\000s\000t\000r\000a\000c\000t}{}% 1
\BOOKMARK [1][-]{section.1}{\376\377\0001\000\040\000I\000n\000t\000r\000o\000d\000u\000c\000t\000i\000o\000n}{}% 2
\BOOKMARK [1][-]{section.2}{\376\377\0002\000\040\000M\000o\000t\000i\000v\000a\000t\000i\000o\000n}{}% 3
\BOOKMARK [2][-]{subsection.2.1}{\376\377\0002\000.\0001\000\040\000T\000h\000e\000\040\000L\000i\000m\000i\000t\000s\000\040\000o\000f\000\040\000R\000e\000g\000e\000x\000-\000B\000a\000s\000e\000d\000\040\000E\000x\000t\000r\000a\000c\000t\000i\000o\000n}{section.2}% 4
\BOOKMARK [2][-]{subsection.2.2}{\376\377\0002\000.\0002\000\040\000D\000e\000s\000i\000g\000n\000\040\000G\000o\000a\000l\000s}{section.2}% 5
\BOOKMARK [1][-]{section.3}{\376\377\0003\000\040\000S\000y\000s\000t\000e\000m\000\040\000O\000v\000e\000r\000v\000i\000e\000w}{}% 6
\BOOKMARK [1][-]{section.4}{\376\377\0004\000\040\000F\000o\000r\000m\000a\000l\000\040\000R\000I\000S\000\040\000L\000a\000n\000g\000u\000a\000g\000e}{}% 7
\BOOKMARK [2][-]{subsection.4.1}{\376\377\0004\000.\0001\000\040\000G\000r\000a\000m\000m\000a\000r}{section.4}% 8
\BOOKMARK [2][-]{subsection.4.2}{\376\377\0004\000.\0002\000\040\000O\000p\000e\000r\000a\000t\000i\000o\000n\000s}{section.4}% 9
\BOOKMARK [2][-]{subsection.4.3}{\376\377\0004\000.\0003\000\040\000E\000x\000p\000r\000e\000s\000s\000i\000o\000n\000\040\000A\000l\000g\000e\000b\000r\000a}{section.4}% 10
\BOOKMARK [2][-]{subsection.4.4}{\376\377\0004\000.\0004\000\040\000E\000x\000a\000m\000p\000l\000e}{section.4}% 11
\BOOKMARK [1][-]{section.5}{\376\377\0005\000\040\000R\000I\000S\000\040\000E\000x\000t\000r\000a\000c\000t\000i\000o\000n\000\040\000v\000i\000a\000\040\000A\000S\000T\000\040\000A\000n\000a\000l\000y\000s\000i\000s}{}% 12
\BOOKMARK [2][-]{subsection.5.1}{\376\377\0005\000.\0001\000\040\000T\000r\000a\000n\000s\000l\000a\000t\000i\000o\000n\000\040\000U\000n\000i\000t\000\040\000P\000a\000r\000s\000i\000n\000g}{section.5}% 13
\BOOKMARK [2][-]{subsection.5.2}{\376\377\0005\000.\0002\000\040\000F\000u\000n\000c\000t\000i\000o\000n\000\040\000I\000d\000e\000n\000t\000i\000f\000i\000c\000a\000t\000i\000o\000n\000\040\000a\000n\000d\000\040\000C\000a\000l\000l\000b\000a\000c\000k\000\040\000D\000e\000t\000e\000c\000t\000i\000o\000n}{section.5}% 14
\BOOKMARK [2][-]{subsection.5.3}{\376\377\0005\000.\0003\000\040\000F\000l\000o\000w\000-\000S\000e\000n\000s\000i\000t\000i\000v\000e\000\040\000D\000a\000t\000a\000f\000l\000o\000w\000\040\000a\000n\000d\000\040\000T\000a\000i\000n\000t\000\040\000T\000r\000a\000c\000k\000i\000n\000g}{section.5}% 15
\BOOKMARK [2][-]{subsection.5.4}{\376\377\0005\000.\0004\000\040\000W\000r\000a\000p\000p\000e\000r\000\040\000F\000u\000n\000c\000t\000i\000o\000n\000\040\000I\000n\000l\000i\000n\000i\000n\000g}{section.5}% 16
\BOOKMARK [2][-]{subsection.5.5}{\376\377\0005\000.\0005\000\040\000I\000n\000t\000e\000n\000t\000\040\000A\000n\000n\000o\000t\000a\000t\000i\000o\000n}{section.5}% 17
\BOOKMARK [1][-]{section.6}{\376\377\0006\000\040\000S\000e\000m\000a\000n\000t\000i\000c\000\040\000I\000n\000f\000e\000r\000e\000n\000c\000e}{}% 18
\BOOKMARK [2][-]{subsection.6.1}{\376\377\0006\000.\0001\000\040\000F\000u\000n\000c\000t\000i\000o\000n\000\040\000S\000p\000e\000c\000i\000f\000i\000c\000a\000t\000i\000o\000n\000\040\000\050\000F\000u\000n\000c\000t\000i\000o\000n\000S\000p\000e\000c\000\051}{section.6}% 19
\BOOKMARK [2][-]{subsection.6.2}{\376\377\0006\000.\0002\000\040\000D\000e\000v\000i\000c\000e\000\040\000S\000p\000e\000c\000i\000f\000i\000c\000a\000t\000i\000o\000n\000\040\000\050\000D\000e\000v\000i\000c\000e\000S\000p\000e\000c\000\051}{section.6}% 20
\BOOKMARK [2][-]{subsection.6.3}{\376\377\0006\000.\0003\000\040\000B\000a\000c\000k\000e\000n\000d\000\040\000B\000i\000n\000d\000i\000n\000g\000\040\000\050\000.\000b\000i\000n\000d\000\051}{section.6}% 21
\BOOKMARK [2][-]{subsection.6.4}{\376\377\0006\000.\0004\000\040\000S\000o\000u\000r\000c\000e\000\040\000F\000a\000c\000t\000s\000\040\000\050\000.\000f\000a\000c\000t\000s\000\051}{section.6}% 22
\BOOKMARK [1][-]{section.7}{\376\377\0007\000\040\000C\000o\000d\000e\000\040\000G\000e\000n\000e\000r\000a\000t\000i\000o\000n}{}% 23
\BOOKMARK [2][-]{subsection.7.1}{\376\377\0007\000.\0001\000\040\000U\000s\000e\000r\000s\000p\000a\000c\000e\000\040\000H\000a\000r\000n\000e\000s\000s\000\040\000B\000a\000c\000k\000e\000n\000d}{section.7}% 24
\BOOKMARK [2][-]{subsection.7.2}{\376\377\0007\000.\0002\000\040\000B\000a\000r\000e\000-\000M\000e\000t\000a\000l\000\040\000B\000a\000c\000k\000e\000n\000d}{section.7}% 25
\BOOKMARK [2][-]{subsection.7.3}{\376\377\0007\000.\0003\000\040\000L\000i\000n\000u\000x\000\040\000B\000a\000c\000k\000e\000n\000d}{section.7}% 26
\BOOKMARK [2][-]{subsection.7.4}{\376\377\0007\000.\0004\000\040\000L\000L\000M\000-\000A\000s\000s\000i\000s\000t\000e\000d\000\040\000S\000y\000n\000t\000h\000e\000s\000i\000s\000\040\000L\000o\000o\000p}{section.7}% 27
\BOOKMARK [1][-]{section.8}{\376\377\0008\000\040\000E\000v\000a\000l\000u\000a\000t\000i\000o\000n}{}% 28
\BOOKMARK [2][-]{subsection.8.1}{\376\377\0008\000.\0001\000\040\000E\000x\000p\000e\000r\000i\000m\000e\000n\000t\000a\000l\000\040\000S\000e\000t\000u\000p}{section.8}% 29
\BOOKMARK [2][-]{subsection.8.2}{\376\377\0008\000.\0002\000\040\000E\000x\000t\000r\000a\000c\000t\000i\000o\000n\000\040\000C\000o\000v\000e\000r\000a\000g\000e\000\040\000\050\000R\000Q\0001\000,\000\040\000R\000Q\0002\000\051}{section.8}% 30
\BOOKMARK [2][-]{subsection.8.3}{\376\377\0008\000.\0003\000\040\000G\000e\000n\000e\000r\000a\000t\000i\000o\000n\000\040\000R\000e\000a\000d\000i\000n\000e\000s\000s\000\040\000\050\000R\000Q\0003\000\051}{section.8}% 31
\BOOKMARK [2][-]{subsection.8.4}{\376\377\0008\000.\0004\000\040\000C\000o\000m\000p\000a\000r\000i\000s\000o\000n\000\040\000t\000o\000\040\000R\000e\000g\000e\000x\000\040\000B\000a\000s\000e\000l\000i\000n\000e\000\040\000\050\000R\000Q\0004\000\051}{section.8}% 32
\BOOKMARK [2][-]{subsection.8.5}{\376\377\0008\000.\0005\000\040\000C\000a\000s\000e\000\040\000S\000t\000u\000d\000y\000:\000\040\000g\000p\000i\000o\000-\000f\000t\000g\000p\000i\000o\0000\0001\0000}{section.8}% 33
\BOOKMARK [1][-]{section.9}{\376\377\0009\000\040\000R\000e\000l\000a\000t\000e\000d\000\040\000W\000o\000r\000k}{}% 34
\BOOKMARK [2][-]{subsection.9.1}{\376\377\0009\000.\0001\000\040\000D\000r\000i\000v\000e\000r\000\040\000A\000n\000a\000l\000y\000s\000i\000s\000\040\000a\000n\000d\000\040\000E\000x\000t\000r\000a\000c\000t\000i\000o\000n}{section.9}% 35
\BOOKMARK [2][-]{subsection.9.2}{\376\377\0009\000.\0002\000\040\000F\000o\000r\000m\000a\000l\000\040\000S\000p\000e\000c\000i\000f\000i\000c\000a\000t\000i\000o\000n\000\040\000a\000n\000d\000\040\000C\000o\000d\000e\000\040\000G\000e\000n\000e\000r\000a\000t\000i\000o\000n}{section.9}% 36
\BOOKMARK [2][-]{subsection.9.3}{\376\377\0009\000.\0003\000\040\000I\000n\000t\000e\000r\000m\000e\000d\000i\000a\000t\000e\000\040\000R\000e\000p\000r\000e\000s\000e\000n\000t\000a\000t\000i\000o\000n\000s\000\040\000f\000o\000r\000\040\000D\000r\000i\000v\000e\000r\000s}{section.9}% 37
\BOOKMARK [1][-]{section.10}{\376\377\0001\0000\000\040\000D\000i\000s\000c\000u\000s\000s\000i\000o\000n\000\040\000a\000n\000d\000\040\000L\000i\000m\000i\000t\000a\000t\000i\000o\000n\000s}{}% 38
\BOOKMARK [2][-]{subsection.10.1}{\376\377\0001\0000\000.\0001\000\040\000C\000u\000r\000r\000e\000n\000t\000\040\000L\000i\000m\000i\000t\000a\000t\000i\000o\000n\000s}{section.10}% 39
\BOOKMARK [2][-]{subsection.10.2}{\376\377\0001\0000\000.\0002\000\040\000F\000u\000t\000u\000r\000e\000\040\000W\000o\000r\000k}{section.10}% 40
\BOOKMARK [1][-]{section.11}{\376\377\0001\0001\000\040\000C\000o\000n\000c\000l\000u\000s\000i\000o\000n}{}% 41
\BOOKMARK [1][-]{section*.9}{\376\377\000A\000c\000k\000n\000o\000w\000l\000e\000d\000g\000m\000e\000n\000t\000s}{}% 42
\BOOKMARK [1][-]{section*.11}{\376\377\000R\000e\000f\000e\000r\000e\000n\000c\000e\000s}{}% 43
